[     813ms] [INFO] %cDownload the React DevTools for a better development experience: https://react.dev/link/react-devtools font-weight:bold @ http://localhost:3000/_next/static/chunks/node_modules_next_dist_115brz8._.js:2477
[     836ms] [LOG] [HMR] connected @ http://localhost:3000/_next/static/chunks/node_modules_next_dist_115brz8._.js:2477
[     993ms] [LOG] [Fast Refresh] rebuilding @ http://localhost:3000/_next/static/chunks/node_modules_next_dist_115brz8._.js:2477
[    1232ms] [LOG] [Fast Refresh] done in 375ms @ http://localhost:3000/_next/static/chunks/node_modules_next_dist_115brz8._.js:2477
[    1244ms] [ERROR] Access to XMLHttpRequest at 'https://pplaceholdr.api.sanity.io/v2026-05-04/users/me?tag=sanity.studio.users.get-current.initial' from origin 'http://localhost:3000' has been blocked by CORS policy: Response to preflight request doesn't pass access control check: No 'Access-Control-Allow-Origin' header is present on the requested resource. @ http://localhost:3000/studio:0
[    1245ms] [ERROR] Failed to load resource: net::ERR_FAILED @ https://pplaceholdr.api.sanity.io/v2026-05-04/users/me?tag=sanity.studio.users.get-current.initial:0
[    1415ms] [ERROR] Access to XMLHttpRequest at 'https://pplaceholdr.api.sanity.io/v2026-05-04/users/me?tag=sanity.studio.users.get-current.initial' from origin 'http://localhost:3000' has been blocked by CORS policy: Response to preflight request doesn't pass access control check: No 'Access-Control-Allow-Origin' header is present on the requested resource. @ http://localhost:3000/studio:0
[    1415ms] [ERROR] Failed to load resource: net::ERR_FAILED @ https://pplaceholdr.api.sanity.io/v2026-05-04/users/me?tag=sanity.studio.users.get-current.initial:0
[    1678ms] [ERROR] Access to XMLHttpRequest at 'https://pplaceholdr.api.sanity.io/v2026-05-04/users/me?tag=sanity.studio.users.get-current.initial' from origin 'http://localhost:3000' has been blocked by CORS policy: Response to preflight request doesn't pass access control check: No 'Access-Control-Allow-Origin' header is present on the requested resource. @ http://localhost:3000/studio:0
[    1678ms] [ERROR] Failed to load resource: net::ERR_FAILED @ https://pplaceholdr.api.sanity.io/v2026-05-04/users/me?tag=sanity.studio.users.get-current.initial:0
[    2200ms] [ERROR] Access to XMLHttpRequest at 'https://pplaceholdr.api.sanity.io/v2026-05-04/users/me?tag=sanity.studio.users.get-current.initial' from origin 'http://localhost:3000' has been blocked by CORS policy: Response to preflight request doesn't pass access control check: No 'Access-Control-Allow-Origin' header is present on the requested resource. @ http://localhost:3000/studio:0
[    2200ms] [ERROR] Failed to load resource: net::ERR_FAILED @ https://pplaceholdr.api.sanity.io/v2026-05-04/users/me?tag=sanity.studio.users.get-current.initial:0
[    3085ms] [ERROR] Access to XMLHttpRequest at 'https://pplaceholdr.api.sanity.io/v2026-05-04/users/me?tag=sanity.studio.users.get-current.initial' from origin 'http://localhost:3000' has been blocked by CORS policy: Response to preflight request doesn't pass access control check: No 'Access-Control-Allow-Origin' header is present on the requested resource. @ http://localhost:3000/studio:0
[    3086ms] [ERROR] Failed to load resource: net::ERR_FAILED @ https://pplaceholdr.api.sanity.io/v2026-05-04/users/me?tag=sanity.studio.users.get-current.initial:0
[    4804ms] [ERROR] Access to XMLHttpRequest at 'https://pplaceholdr.api.sanity.io/v2026-05-04/users/me?tag=sanity.studio.users.get-current.initial' from origin 'http://localhost:3000' has been blocked by CORS policy: Response to preflight request doesn't pass access control check: No 'Access-Control-Allow-Origin' header is present on the requested resource. @ http://localhost:3000/studio:0
[    4805ms] [ERROR] Failed to load resource: net::ERR_FAILED @ https://pplaceholdr.api.sanity.io/v2026-05-04/users/me?tag=sanity.studio.users.get-current.initial:0
[    5019ms] [ERROR] Failed to load resource: the server responded with a status of 404 () @ https://pplaceholdr.api.sanity.io/v2026-05-04/ping?tag=sanity.studio.cors-check:0
[    5032ms] [ERROR] %o

%s Error: Request error while attempting to reach is https://pPLACEHOLDR.api.sanity.io/v2026-05-04/users/me?tag=sanity.studio.users.get-current.initial
    at XMLHttpRequest.<anonymous> (http://localhost:3000/_next/static/chunks/node_modules_0s39oz0._.js:11386:14) The above error occurred in the <AuthBoundary> component. It was handled by the <ErrorBoundary> error boundary. @ http://localhost:3000/_next/static/chunks/node_modules_next_dist_client_0fhqo1d._.js:1998
[    5239ms] [LOG] [Fast Refresh] rebuilding @ http://localhost:3000/_next/static/chunks/node_modules_next_dist_115brz8._.js:2477
[    5285ms] [LOG] [Fast Refresh] done in 146ms @ http://localhost:3000/_next/static/chunks/node_modules_next_dist_115brz8._.js:2477
[   29478ms] [LOG] [Fast Refresh] rebuilding @ http://localhost:3000/_next/static/chunks/node_modules_next_dist_115brz8._.js:2477
[   29643ms] [LOG] [Fast Refresh] done in 265ms @ http://localhost:3000/_next/static/chunks/node_modules_next_dist_115brz8._.js:2477
[   29815ms] [LOG] [Fast Refresh] rebuilding @ http://localhost:3000/_next/static/chunks/node_modules_next_dist_115brz8._.js:2477
[   29961ms] [LOG] [Fast Refresh] done in 246ms @ http://localhost:3000/_next/static/chunks/node_modules_next_dist_115brz8._.js:2477
